<?xml version="1.0" encoding="UTF-8"?>
<!-- Generated by org.testng.reporters.JUnitReportReporter -->
<testsuite hostname="RaviRajani" name="learningTestNG2.Crossbrowser" tests="6" failures="0" timestamp="24 Jul 2018 20:14:40 GMT" time="0.069" errors="2">
  <testcase name="parameterTesttwo" time="0.005" classname="learningTestNG2.Crossbrowser"/>
  <testcase name="prameterTestThree" time="0.004" classname="learningTestNG2.Crossbrowser"/>
  <testcase name="paramterTestone" time="0.058" classname="learningTestNG2.Crossbrowser"/>
  <testcase name="parametertesttwo" time="0.002" classname="learningTestNG2.Crossbrowser"/>
  <testcase name="paramterTestone" time="0.000" classname="learningTestNG2.Crossbrowser">
    <error type="org.testng.TestNGException" message="
Parameter &#039;suite-param&#039; is required by @Test on method paramterTestone but has not been marked @Optional or defined
in C:\Users\RaviCKota\DevCenter\SeleniumWorkspace\TestNGTutorials\testng6.xml">
      <![CDATA[org.testng.TestNGException: 
Parameter 'suite-param' is required by @Test on method paramterTestone but has not been marked @Optional or defined
in C:\Users\RaviCKota\DevCenter\SeleniumWorkspace\TestNGTutorials\testng6.xml
	at org.testng.internal.Parameters.createParameters(Parameters.java:154)
	at org.testng.internal.Parameters.createParameters(Parameters.java:361)
	at org.testng.internal.Parameters.handleParameters(Parameters.java:451)
	at org.testng.internal.Invoker.handleParameters(Invoker.java:1243)
	at org.testng.internal.Invoker.createParameters(Invoker.java:992)
	at org.testng.internal.Invoker.invokeTestMethods(Invoker.java:1082)
	at org.testng.internal.TestMethodWorker.invokeTestMethods(TestMethodWorker.java:129)
	at org.testng.internal.TestMethodWorker.run(TestMethodWorker.java:112)
	at org.testng.TestRunner.privateRun(TestRunner.java:778)
	at org.testng.TestRunner.run(TestRunner.java:632)
	at org.testng.SuiteRunner.runTest(SuiteRunner.java:366)
	at org.testng.SuiteRunner.runSequentially(SuiteRunner.java:361)
	at org.testng.SuiteRunner.privateRun(SuiteRunner.java:319)
	at org.testng.SuiteRunner.run(SuiteRunner.java:268)
	at org.testng.SuiteRunnerWorker.runSuite(SuiteRunnerWorker.java:52)
	at org.testng.SuiteRunnerWorker.run(SuiteRunnerWorker.java:86)
	at org.testng.TestNG.runSuitesSequentially(TestNG.java:1225)
	at org.testng.TestNG.runSuitesLocally(TestNG.java:1150)
	at org.testng.TestNG.runSuites(TestNG.java:1075)
	at org.testng.TestNG.run(TestNG.java:1047)
	at org.testng.remote.AbstractRemoteTestNG.run(AbstractRemoteTestNG.java:126)
	at org.testng.remote.RemoteTestNG.initAndRun(RemoteTestNG.java:137)
	at org.testng.remote.RemoteTestNG.main(RemoteTestNG.java:58)
]]>
    </error>
  </testcase> <!-- paramterTestone -->
  <testcase name="prameterTestThree" time="0.000" classname="learningTestNG2.Crossbrowser">
    <error type="org.testng.TestNGException" message="
Parameter &#039;suite-param&#039; is required by @Test on method prameterTestThree but has not been marked @Optional or defined
in C:\Users\RaviCKota\DevCenter\SeleniumWorkspace\TestNGTutorials\testng6.xml">
      <![CDATA[org.testng.TestNGException: 
Parameter 'suite-param' is required by @Test on method prameterTestThree but has not been marked @Optional or defined
in C:\Users\RaviCKota\DevCenter\SeleniumWorkspace\TestNGTutorials\testng6.xml
	at org.testng.internal.Parameters.createParameters(Parameters.java:154)
	at org.testng.internal.Parameters.createParameters(Parameters.java:361)
	at org.testng.internal.Parameters.handleParameters(Parameters.java:451)
	at org.testng.internal.Invoker.handleParameters(Invoker.java:1243)
	at org.testng.internal.Invoker.createParameters(Invoker.java:992)
	at org.testng.internal.Invoker.invokeTestMethods(Invoker.java:1082)
	at org.testng.internal.TestMethodWorker.invokeTestMethods(TestMethodWorker.java:129)
	at org.testng.internal.TestMethodWorker.run(TestMethodWorker.java:112)
	at org.testng.TestRunner.privateRun(TestRunner.java:778)
	at org.testng.TestRunner.run(TestRunner.java:632)
	at org.testng.SuiteRunner.runTest(SuiteRunner.java:366)
	at org.testng.SuiteRunner.runSequentially(SuiteRunner.java:361)
	at org.testng.SuiteRunner.privateRun(SuiteRunner.java:319)
	at org.testng.SuiteRunner.run(SuiteRunner.java:268)
	at org.testng.SuiteRunnerWorker.runSuite(SuiteRunnerWorker.java:52)
	at org.testng.SuiteRunnerWorker.run(SuiteRunnerWorker.java:86)
	at org.testng.TestNG.runSuitesSequentially(TestNG.java:1225)
	at org.testng.TestNG.runSuitesLocally(TestNG.java:1150)
	at org.testng.TestNG.runSuites(TestNG.java:1075)
	at org.testng.TestNG.run(TestNG.java:1047)
	at org.testng.remote.AbstractRemoteTestNG.run(AbstractRemoteTestNG.java:126)
	at org.testng.remote.RemoteTestNG.initAndRun(RemoteTestNG.java:137)
	at org.testng.remote.RemoteTestNG.main(RemoteTestNG.java:58)
]]>
    </error>
  </testcase> <!-- prameterTestThree -->
</testsuite> <!-- learningTestNG2.Crossbrowser -->
